2020-09-28T00:52:14+00:00 CRITICAL Uncaught Error: Class 'Elementor\Modules\Library\Documents\Not_Supported' not found in /data/wwwroot/www.storagebinsell.com/wp-content/plugins/elementor/modules/library/module.php:46
Stack trace:
#0 /data/wwwroot/www.storagebinsell.com/wp-content/plugins/elementor/core/base/module.php(83): Elementor\Modules\Library\Module->__construct()
#1 /data/wwwroot/www.storagebinsell.com/wp-content/plugins/elementor/core/modules-manager.php(52): Elementor\Core\Base\Module::instance()
#2 /data/wwwroot/www.storagebinsell.com/wp-content/plugins/elementor/includes/plugin.php(600): Elementor\Core\Modules_Manager->__construct()
#3 /data/wwwroot/www.storagebinsell.com/wp-content/plugins/elementor/includes/plugin.php(514): Elementor\Plugin->init_components()
#4 /data/wwwroot/www.storagebinsell.com/wp-includes/class-wp-hook.php(287): Elementor\Plugin->init()
#5 /data/wwwroot/www.storagebinsell.com/wp-includes/class-wp-hook.php(311): WP_Hook->apply_filters()
#6 /data/wwwroot/www.storagebinsell.com/wp-includes/plugin.php(478): WP_H in /data/wwwroot/www.storagebinsell.com/wp-content/plugins/elementor/modules/library/module.php on line 46

2020-09-28T00:52:30+00:00 CRITICAL Uncaught Error: Class 'Elementor\Modules\Library\Documents\Not_Supported' not found in /data/wwwroot/www.storagebinsell.com/wp-content/plugins/elementor/modules/library/module.php:46
Stack trace:
#0 /data/wwwroot/www.storagebinsell.com/wp-content/plugins/elementor/core/base/module.php(83): Elementor\Modules\Library\Module->__construct()
#1 /data/wwwroot/www.storagebinsell.com/wp-content/plugins/elementor/core/modules-manager.php(52): Elementor\Core\Base\Module::instance()
#2 /data/wwwroot/www.storagebinsell.com/wp-content/plugins/elementor/includes/plugin.php(600): Elementor\Core\Modules_Manager->__construct()
#3 /data/wwwroot/www.storagebinsell.com/wp-content/plugins/elementor/includes/plugin.php(514): Elementor\Plugin->init_components()
#4 /data/wwwroot/www.storagebinsell.com/wp-includes/class-wp-hook.php(287): Elementor\Plugin->init()
#5 /data/wwwroot/www.storagebinsell.com/wp-includes/class-wp-hook.php(311): WP_Hook->apply_filters()
#6 /data/wwwroot/www.storagebinsell.com/wp-includes/plugin.php(478): WP_H in /data/wwwroot/www.storagebinsell.com/wp-content/plugins/elementor/modules/library/module.php on line 46

2020-09-28T00:52:35+00:00 CRITICAL Uncaught Error: Class 'Elementor\Modules\Library\Documents\Not_Supported' not found in /data/wwwroot/www.storagebinsell.com/wp-content/plugins/elementor/modules/library/module.php:46
Stack trace:
#0 /data/wwwroot/www.storagebinsell.com/wp-content/plugins/elementor/core/base/module.php(83): Elementor\Modules\Library\Module->__construct()
#1 /data/wwwroot/www.storagebinsell.com/wp-content/plugins/elementor/core/modules-manager.php(52): Elementor\Core\Base\Module::instance()
#2 /data/wwwroot/www.storagebinsell.com/wp-content/plugins/elementor/includes/plugin.php(600): Elementor\Core\Modules_Manager->__construct()
#3 /data/wwwroot/www.storagebinsell.com/wp-content/plugins/elementor/includes/plugin.php(514): Elementor\Plugin->init_components()
#4 /data/wwwroot/www.storagebinsell.com/wp-includes/class-wp-hook.php(287): Elementor\Plugin->init()
#5 /data/wwwroot/www.storagebinsell.com/wp-includes/class-wp-hook.php(311): WP_Hook->apply_filters()
#6 /data/wwwroot/www.storagebinsell.com/wp-includes/plugin.php(478): WP_H in /data/wwwroot/www.storagebinsell.com/wp-content/plugins/elementor/modules/library/module.php on line 46

2020-09-28T00:55:00+00:00 CRITICAL Uncaught Error: Class 'Elementor\Modules\Library\Documents\Not_Supported' not found in /data/wwwroot/www.storagebinsell.com/wp-content/plugins/elementor/modules/library/module.php:46
Stack trace:
#0 /data/wwwroot/www.storagebinsell.com/wp-content/plugins/elementor/core/base/module.php(83): Elementor\Modules\Library\Module->__construct()
#1 /data/wwwroot/www.storagebinsell.com/wp-content/plugins/elementor/core/modules-manager.php(52): Elementor\Core\Base\Module::instance()
#2 /data/wwwroot/www.storagebinsell.com/wp-content/plugins/elementor/includes/plugin.php(600): Elementor\Core\Modules_Manager->__construct()
#3 /data/wwwroot/www.storagebinsell.com/wp-content/plugins/elementor/includes/plugin.php(514): Elementor\Plugin->init_components()
#4 /data/wwwroot/www.storagebinsell.com/wp-includes/class-wp-hook.php(287): Elementor\Plugin->init()
#5 /data/wwwroot/www.storagebinsell.com/wp-includes/class-wp-hook.php(311): WP_Hook->apply_filters()
#6 /data/wwwroot/www.storagebinsell.com/wp-includes/plugin.php(478): WP_H in /data/wwwroot/www.storagebinsell.com/wp-content/plugins/elementor/modules/library/module.php on line 46

2020-09-28T00:55:10+00:00 CRITICAL Uncaught Error: Class 'Elementor\Modules\Library\Documents\Not_Supported' not found in /data/wwwroot/www.storagebinsell.com/wp-content/plugins/elementor/modules/library/module.php:46
Stack trace:
#0 /data/wwwroot/www.storagebinsell.com/wp-content/plugins/elementor/core/base/module.php(83): Elementor\Modules\Library\Module->__construct()
#1 /data/wwwroot/www.storagebinsell.com/wp-content/plugins/elementor/core/modules-manager.php(52): Elementor\Core\Base\Module::instance()
#2 /data/wwwroot/www.storagebinsell.com/wp-content/plugins/elementor/includes/plugin.php(600): Elementor\Core\Modules_Manager->__construct()
#3 /data/wwwroot/www.storagebinsell.com/wp-content/plugins/elementor/includes/plugin.php(514): Elementor\Plugin->init_components()
#4 /data/wwwroot/www.storagebinsell.com/wp-includes/class-wp-hook.php(287): Elementor\Plugin->init()
#5 /data/wwwroot/www.storagebinsell.com/wp-includes/class-wp-hook.php(311): WP_Hook->apply_filters()
#6 /data/wwwroot/www.storagebinsell.com/wp-includes/plugin.php(478): WP_H in /data/wwwroot/www.storagebinsell.com/wp-content/plugins/elementor/modules/library/module.php on line 46

2020-09-28T00:57:17+00:00 CRITICAL Uncaught Error: Class 'Elementor\Modules\Library\Documents\Not_Supported' not found in /data/wwwroot/www.storagebinsell.com/wp-content/plugins/elementor/modules/library/module.php:46
Stack trace:
#0 /data/wwwroot/www.storagebinsell.com/wp-content/plugins/elementor/core/base/module.php(83): Elementor\Modules\Library\Module->__construct()
#1 /data/wwwroot/www.storagebinsell.com/wp-content/plugins/elementor/core/modules-manager.php(52): Elementor\Core\Base\Module::instance()
#2 /data/wwwroot/www.storagebinsell.com/wp-content/plugins/elementor/includes/plugin.php(600): Elementor\Core\Modules_Manager->__construct()
#3 /data/wwwroot/www.storagebinsell.com/wp-content/plugins/elementor/includes/plugin.php(514): Elementor\Plugin->init_components()
#4 /data/wwwroot/www.storagebinsell.com/wp-includes/class-wp-hook.php(287): Elementor\Plugin->init()
#5 /data/wwwroot/www.storagebinsell.com/wp-includes/class-wp-hook.php(311): WP_Hook->apply_filters()
#6 /data/wwwroot/www.storagebinsell.com/wp-includes/plugin.php(478): WP_H in /data/wwwroot/www.storagebinsell.com/wp-content/plugins/elementor/modules/library/module.php on line 46

