2020-03-03T01:14:28+00:00 CRITICAL Uncaught Error: Class 'Elementor\Modules\Library\Documents\Not_Supported' not found in /data/wwwroot/www.joinplastic.com/wp-content/plugins/elementor/modules/library/module.php:46
Stack trace:
#0 /data/wwwroot/www.joinplastic.com/wp-content/plugins/elementor/core/base/module.php(83): Elementor\Modules\Library\Module->__construct()
#1 /data/wwwroot/www.joinplastic.com/wp-content/plugins/elementor/core/modules-manager.php(52): Elementor\Core\Base\Module::instance()
#2 /data/wwwroot/www.joinplastic.com/wp-content/plugins/elementor/includes/plugin.php(585): Elementor\Core\Modules_Manager->__construct()
#3 /data/wwwroot/www.joinplastic.com/wp-content/plugins/elementor/includes/plugin.php(499): Elementor\Plugin->init_components()
#4 /data/wwwroot/www.joinplastic.com/wp-includes/class-wp-hook.php(288): Elementor\Plugin->init('')
#5 /data/wwwroot/www.joinplastic.com/wp-includes/class-wp-hook.php(312): WP_Hook->apply_filters(NULL, Array)
#6 /data/wwwroot/www.joinplastic.com/wp-includes/plugin.php(478): WP_Hook->do_act in /data/wwwroot/www.joinplastic.com/wp-content/plugins/elementor/modules/library/module.php on line 46

2020-03-03T01:15:07+00:00 CRITICAL Uncaught Error: Class 'Elementor\Modules\Library\Documents\Not_Supported' not found in /data/wwwroot/www.joinplastic.com/wp-content/plugins/elementor/modules/library/module.php:46
Stack trace:
#0 /data/wwwroot/www.joinplastic.com/wp-content/plugins/elementor/core/base/module.php(83): Elementor\Modules\Library\Module->__construct()
#1 /data/wwwroot/www.joinplastic.com/wp-content/plugins/elementor/core/modules-manager.php(52): Elementor\Core\Base\Module::instance()
#2 /data/wwwroot/www.joinplastic.com/wp-content/plugins/elementor/includes/plugin.php(585): Elementor\Core\Modules_Manager->__construct()
#3 /data/wwwroot/www.joinplastic.com/wp-content/plugins/elementor/includes/plugin.php(499): Elementor\Plugin->init_components()
#4 /data/wwwroot/www.joinplastic.com/wp-includes/class-wp-hook.php(288): Elementor\Plugin->init('')
#5 /data/wwwroot/www.joinplastic.com/wp-includes/class-wp-hook.php(312): WP_Hook->apply_filters(NULL, Array)
#6 /data/wwwroot/www.joinplastic.com/wp-includes/plugin.php(478): WP_Hook->do_act in /data/wwwroot/www.joinplastic.com/wp-content/plugins/elementor/modules/library/module.php on line 46

2020-03-03T01:22:21+00:00 CRITICAL Uncaught Error: Class 'Elementor\Modules\Library\Documents\Not_Supported' not found in /data/wwwroot/www.joinplastic.com/wp-content/plugins/elementor/modules/library/module.php:46
Stack trace:
#0 /data/wwwroot/www.joinplastic.com/wp-content/plugins/elementor/core/base/module.php(83): Elementor\Modules\Library\Module->__construct()
#1 /data/wwwroot/www.joinplastic.com/wp-content/plugins/elementor/core/modules-manager.php(52): Elementor\Core\Base\Module::instance()
#2 /data/wwwroot/www.joinplastic.com/wp-content/plugins/elementor/includes/plugin.php(585): Elementor\Core\Modules_Manager->__construct()
#3 /data/wwwroot/www.joinplastic.com/wp-content/plugins/elementor/includes/plugin.php(499): Elementor\Plugin->init_components()
#4 /data/wwwroot/www.joinplastic.com/wp-includes/class-wp-hook.php(288): Elementor\Plugin->init('')
#5 /data/wwwroot/www.joinplastic.com/wp-includes/class-wp-hook.php(312): WP_Hook->apply_filters(NULL, Array)
#6 /data/wwwroot/www.joinplastic.com/wp-includes/plugin.php(478): WP_Hook->do_act in /data/wwwroot/www.joinplastic.com/wp-content/plugins/elementor/modules/library/module.php on line 46

2020-03-03T01:23:36+00:00 CRITICAL Uncaught Error: Class 'Elementor\Modules\Library\Documents\Not_Supported' not found in /data/wwwroot/www.joinplastic.com/wp-content/plugins/elementor/modules/library/module.php:46
Stack trace:
#0 /data/wwwroot/www.joinplastic.com/wp-content/plugins/elementor/core/base/module.php(83): Elementor\Modules\Library\Module->__construct()
#1 /data/wwwroot/www.joinplastic.com/wp-content/plugins/elementor/core/modules-manager.php(52): Elementor\Core\Base\Module::instance()
#2 /data/wwwroot/www.joinplastic.com/wp-content/plugins/elementor/includes/plugin.php(585): Elementor\Core\Modules_Manager->__construct()
#3 /data/wwwroot/www.joinplastic.com/wp-content/plugins/elementor/includes/plugin.php(499): Elementor\Plugin->init_components()
#4 /data/wwwroot/www.joinplastic.com/wp-includes/class-wp-hook.php(288): Elementor\Plugin->init('')
#5 /data/wwwroot/www.joinplastic.com/wp-includes/class-wp-hook.php(312): WP_Hook->apply_filters(NULL, Array)
#6 /data/wwwroot/www.joinplastic.com/wp-includes/plugin.php(478): WP_Hook->do_act in /data/wwwroot/www.joinplastic.com/wp-content/plugins/elementor/modules/library/module.php on line 46

2020-03-03T01:25:34+00:00 CRITICAL Uncaught Error: Class 'ElementorPro\Modules\GlobalWidget\Documents\Widget' not found in /data/wwwroot/www.joinplastic.com/wp-content/plugins/elementor-pro/modules/global-widget/module.php:235
Stack trace:
#0 /data/wwwroot/www.joinplastic.com/wp-includes/class-wp-hook.php(288): ElementorPro\Modules\GlobalWidget\Module->register_documents(Object(Elementor\Core\Documents_Manager))
#1 /data/wwwroot/www.joinplastic.com/wp-includes/class-wp-hook.php(312): WP_Hook->apply_filters(NULL, Array)
#2 /data/wwwroot/www.joinplastic.com/wp-includes/plugin.php(478): WP_Hook->do_action(Array)
#3 /data/wwwroot/www.joinplastic.com/wp-content/plugins/elementor/core/documents-manager.php(693): do_action('elementor/docum...', Object(Elementor\Core\Documents_Manager))
#4 /data/wwwroot/www.joinplastic.com/wp-content/plugins/elementor/core/documents-manager.php(178): Elementor\Core\Documents_Manager->register_types()
#5 /data/wwwroot/www.joinplastic.com/wp-content/plugins/elementor/core/documents-manager.php(431): Elementor\Core\Docum in /data/wwwroot/www.joinplastic.com/wp-content/plugins/elementor-pro/modules/global-widget/module.php on line 235

2020-03-03T01:26:04+00:00 CRITICAL Uncaught Error: Class 'ElementorPro\Modules\GlobalWidget\Documents\Widget' not found in /data/wwwroot/www.joinplastic.com/wp-content/plugins/elementor-pro/modules/global-widget/module.php:235
Stack trace:
#0 /data/wwwroot/www.joinplastic.com/wp-includes/class-wp-hook.php(288): ElementorPro\Modules\GlobalWidget\Module->register_documents(Object(Elementor\Core\Documents_Manager))
#1 /data/wwwroot/www.joinplastic.com/wp-includes/class-wp-hook.php(312): WP_Hook->apply_filters(NULL, Array)
#2 /data/wwwroot/www.joinplastic.com/wp-includes/plugin.php(478): WP_Hook->do_action(Array)
#3 /data/wwwroot/www.joinplastic.com/wp-content/plugins/elementor/core/documents-manager.php(693): do_action('elementor/docum...', Object(Elementor\Core\Documents_Manager))
#4 /data/wwwroot/www.joinplastic.com/wp-content/plugins/elementor/core/documents-manager.php(178): Elementor\Core\Documents_Manager->register_types()
#5 /data/wwwroot/www.joinplastic.com/wp-content/plugins/elementor/core/documents-manager.php(431): Elementor\Core\Docum in /data/wwwroot/www.joinplastic.com/wp-content/plugins/elementor-pro/modules/global-widget/module.php on line 235

