2020-02-16T11:10:20+00:00 CRITICAL require(): Failed opening required '/data/wwwroot/www.plasticcrate.cn/wp-content/themes/oceanwp/inc/template-tags.php' (include_path='.:/usr/local/php/lib/php') in /data/wwwroot/www.plasticcrate.cn/wp-content/themes/business-ecommerce/functions.php on line 361

2020-02-16T16:17:11+00:00 CRITICAL syntax error, unexpected end of file in /data/wwwroot/www.plasticcrate.cn/wp-content/plugins/theme-customisations/custom/functions.php on line 264

2020-02-16T16:17:15+00:00 CRITICAL syntax error, unexpected end of file in /data/wwwroot/www.plasticcrate.cn/wp-content/plugins/theme-customisations/custom/functions.php on line 264

2020-02-16T16:17:19+00:00 CRITICAL syntax error, unexpected end of file in /data/wwwroot/www.plasticcrate.cn/wp-content/plugins/theme-customisations/custom/functions.php on line 264

2020-02-16T16:17:33+00:00 CRITICAL syntax error, unexpected end of file in /data/wwwroot/www.plasticcrate.cn/wp-content/plugins/theme-customisations/custom/functions.php on line 264

2020-02-16T16:17:36+00:00 CRITICAL syntax error, unexpected end of file in /data/wwwroot/www.plasticcrate.cn/wp-content/plugins/theme-customisations/custom/functions.php on line 264

2020-02-16T16:17:56+00:00 CRITICAL syntax error, unexpected end of file in /data/wwwroot/www.plasticcrate.cn/wp-content/plugins/theme-customisations/custom/functions.php on line 264

2020-02-16T16:18:06+00:00 CRITICAL syntax error, unexpected end of file in /data/wwwroot/www.plasticcrate.cn/wp-content/plugins/theme-customisations/custom/functions.php on line 264

2020-02-16T16:21:46+00:00 CRITICAL syntax error, unexpected '?' in /data/wwwroot/www.plasticcrate.cn/wp-content/plugins/theme-customisations/custom/functions.php on line 257

2020-02-16T16:21:49+00:00 CRITICAL syntax error, unexpected '?' in /data/wwwroot/www.plasticcrate.cn/wp-content/plugins/theme-customisations/custom/functions.php on line 257

2020-02-16T16:21:56+00:00 CRITICAL syntax error, unexpected '?' in /data/wwwroot/www.plasticcrate.cn/wp-content/plugins/theme-customisations/custom/functions.php on line 257

2020-02-16T16:22:01+00:00 CRITICAL syntax error, unexpected '?' in /data/wwwroot/www.plasticcrate.cn/wp-content/plugins/theme-customisations/custom/functions.php on line 257

2020-02-16T16:23:57+00:00 CRITICAL syntax error, unexpected '?' in /data/wwwroot/www.plasticcrate.cn/wp-content/plugins/theme-customisations/custom/functions.php on line 257

2020-02-16T16:24:01+00:00 CRITICAL syntax error, unexpected '?' in /data/wwwroot/www.plasticcrate.cn/wp-content/plugins/theme-customisations/custom/functions.php on line 257

2020-02-16T16:24:40+00:00 CRITICAL syntax error, unexpected '?' in /data/wwwroot/www.plasticcrate.cn/wp-content/plugins/theme-customisations/custom/functions.php on line 257

2020-02-16T16:24:55+00:00 CRITICAL syntax error, unexpected '?' in /data/wwwroot/www.plasticcrate.cn/wp-content/plugins/theme-customisations/custom/functions.php on line 257

2020-02-16T16:25:56+00:00 CRITICAL syntax error, unexpected '?' in /data/wwwroot/www.plasticcrate.cn/wp-content/plugins/theme-customisations/custom/functions.php on line 257

2020-02-16T16:26:46+00:00 CRITICAL syntax error, unexpected '?' in /data/wwwroot/www.plasticcrate.cn/wp-content/plugins/theme-customisations/custom/functions.php on line 257

2020-02-16T16:26:55+00:00 CRITICAL syntax error, unexpected '?' in /data/wwwroot/www.plasticcrate.cn/wp-content/plugins/theme-customisations/custom/functions.php on line 257

2020-02-16T18:03:56+00:00 CRITICAL syntax error, unexpected '<' in /data/wwwroot/www.plasticcrate.cn/wp-content/plugins/theme-customisations/custom/functions.php on line 259

2020-02-16T18:03:59+00:00 CRITICAL syntax error, unexpected '<' in /data/wwwroot/www.plasticcrate.cn/wp-content/plugins/theme-customisations/custom/functions.php on line 259

2020-02-16T18:04:13+00:00 CRITICAL syntax error, unexpected '<' in /data/wwwroot/www.plasticcrate.cn/wp-content/plugins/theme-customisations/custom/functions.php on line 259

2020-02-16T18:05:47+00:00 CRITICAL syntax error, unexpected '<' in /data/wwwroot/www.plasticcrate.cn/wp-content/plugins/theme-customisations/custom/functions.php on line 259

2020-02-16T18:06:13+00:00 CRITICAL syntax error, unexpected '<' in /data/wwwroot/www.plasticcrate.cn/wp-content/plugins/theme-customisations/custom/functions.php on line 259

2020-02-16T18:07:47+00:00 CRITICAL syntax error, unexpected '<' in /data/wwwroot/www.plasticcrate.cn/wp-content/plugins/theme-customisations/custom/functions.php on line 259

2020-02-16T18:08:13+00:00 CRITICAL syntax error, unexpected '<' in /data/wwwroot/www.plasticcrate.cn/wp-content/plugins/theme-customisations/custom/functions.php on line 259

2020-02-16T18:09:45+00:00 CRITICAL syntax error, unexpected '}', expecting ',' or ';' in /data/wwwroot/www.plasticcrate.cn/wp-content/plugins/theme-customisations/custom/functions.php on line 264

2020-02-16T18:09:47+00:00 CRITICAL syntax error, unexpected '}', expecting ',' or ';' in /data/wwwroot/www.plasticcrate.cn/wp-content/plugins/theme-customisations/custom/functions.php on line 264

2020-02-16T18:09:48+00:00 CRITICAL syntax error, unexpected '}', expecting ',' or ';' in /data/wwwroot/www.plasticcrate.cn/wp-content/plugins/theme-customisations/custom/functions.php on line 264

2020-02-16T18:09:59+00:00 CRITICAL syntax error, unexpected '}', expecting ',' or ';' in /data/wwwroot/www.plasticcrate.cn/wp-content/plugins/theme-customisations/custom/functions.php on line 264

2020-02-16T18:10:13+00:00 CRITICAL syntax error, unexpected '}', expecting ',' or ';' in /data/wwwroot/www.plasticcrate.cn/wp-content/plugins/theme-customisations/custom/functions.php on line 264

2020-02-16T18:11:48+00:00 CRITICAL syntax error, unexpected '}', expecting ',' or ';' in /data/wwwroot/www.plasticcrate.cn/wp-content/plugins/theme-customisations/custom/functions.php on line 264

2020-02-16T18:12:29+00:00 CRITICAL syntax error, unexpected '}', expecting ',' or ';' in /data/wwwroot/www.plasticcrate.cn/wp-content/plugins/theme-customisations/custom/functions.php on line 264

2020-02-16T18:14:13+00:00 CRITICAL syntax error, unexpected '}', expecting ',' or ';' in /data/wwwroot/www.plasticcrate.cn/wp-content/plugins/theme-customisations/custom/functions.php on line 264

2020-02-16T18:15:48+00:00 CRITICAL syntax error, unexpected '}', expecting ',' or ';' in /data/wwwroot/www.plasticcrate.cn/wp-content/plugins/theme-customisations/custom/functions.php on line 264

2020-02-16T18:16:13+00:00 CRITICAL syntax error, unexpected '}', expecting ',' or ';' in /data/wwwroot/www.plasticcrate.cn/wp-content/plugins/theme-customisations/custom/functions.php on line 264

2020-02-16T18:17:48+00:00 CRITICAL syntax error, unexpected '}', expecting ',' or ';' in /data/wwwroot/www.plasticcrate.cn/wp-content/plugins/theme-customisations/custom/functions.php on line 264

2020-02-16T18:18:10+00:00 CRITICAL syntax error, unexpected '}', expecting ',' or ';' in /data/wwwroot/www.plasticcrate.cn/wp-content/plugins/theme-customisations/custom/functions.php on line 251

2020-02-16T18:18:13+00:00 CRITICAL syntax error, unexpected '}', expecting ',' or ';' in /data/wwwroot/www.plasticcrate.cn/wp-content/plugins/theme-customisations/custom/functions.php on line 251

2020-02-16T18:18:14+00:00 CRITICAL syntax error, unexpected '}', expecting ',' or ';' in /data/wwwroot/www.plasticcrate.cn/wp-content/plugins/theme-customisations/custom/functions.php on line 251

2020-02-16T18:18:23+00:00 CRITICAL syntax error, unexpected '}', expecting ',' or ';' in /data/wwwroot/www.plasticcrate.cn/wp-content/plugins/theme-customisations/custom/functions.php on line 251

2020-02-16T18:18:28+00:00 CRITICAL syntax error, unexpected '}', expecting ',' or ';' in /data/wwwroot/www.plasticcrate.cn/wp-content/plugins/theme-customisations/custom/functions.php on line 251

2020-02-16T18:19:49+00:00 CRITICAL syntax error, unexpected '}', expecting ',' or ';' in /data/wwwroot/www.plasticcrate.cn/wp-content/plugins/theme-customisations/custom/functions.php on line 251

2020-02-16T18:20:00+00:00 CRITICAL syntax error, unexpected '}', expecting ',' or ';' in /data/wwwroot/www.plasticcrate.cn/wp-content/plugins/theme-customisations/custom/functions.php on line 251

2020-02-16T18:20:14+00:00 CRITICAL syntax error, unexpected '}', expecting ',' or ';' in /data/wwwroot/www.plasticcrate.cn/wp-content/plugins/theme-customisations/custom/functions.php on line 251

2020-02-16T18:21:17+00:00 CRITICAL syntax error, unexpected '}', expecting ',' or ';' in /data/wwwroot/www.plasticcrate.cn/wp-content/plugins/theme-customisations/custom/functions.php on line 251

2020-02-16T18:22:04+00:00 CRITICAL syntax error, unexpected '}', expecting ',' or ';' in /data/wwwroot/www.plasticcrate.cn/wp-content/plugins/theme-customisations/custom/functions.php on line 251

2020-02-16T18:22:14+00:00 CRITICAL syntax error, unexpected '}', expecting ',' or ';' in /data/wwwroot/www.plasticcrate.cn/wp-content/plugins/theme-customisations/custom/functions.php on line 251

2020-02-16T18:24:05+00:00 CRITICAL syntax error, unexpected '}', expecting ',' or ';' in /data/wwwroot/www.plasticcrate.cn/wp-content/plugins/theme-customisations/custom/functions.php on line 251

2020-02-16T18:24:15+00:00 CRITICAL syntax error, unexpected '}', expecting ',' or ';' in /data/wwwroot/www.plasticcrate.cn/wp-content/plugins/theme-customisations/custom/functions.php on line 251

2020-02-16T18:25:17+00:00 CRITICAL syntax error, unexpected '}', expecting ',' or ';' in /data/wwwroot/www.plasticcrate.cn/wp-content/plugins/theme-customisations/custom/functions.php on line 251

2020-02-16T18:26:05+00:00 CRITICAL syntax error, unexpected '}', expecting ',' or ';' in /data/wwwroot/www.plasticcrate.cn/wp-content/plugins/theme-customisations/custom/functions.php on line 251

2020-02-16T18:26:15+00:00 CRITICAL syntax error, unexpected '}', expecting ',' or ';' in /data/wwwroot/www.plasticcrate.cn/wp-content/plugins/theme-customisations/custom/functions.php on line 251

2020-02-16T18:27:02+00:00 CRITICAL syntax error, unexpected '}', expecting ',' or ';' in /data/wwwroot/www.plasticcrate.cn/wp-content/plugins/theme-customisations/custom/functions.php on line 251

2020-02-16T18:28:05+00:00 CRITICAL syntax error, unexpected '}', expecting ',' or ';' in /data/wwwroot/www.plasticcrate.cn/wp-content/plugins/theme-customisations/custom/functions.php on line 251

2020-02-16T18:29:18+00:00 CRITICAL syntax error, unexpected '}', expecting ',' or ';' in /data/wwwroot/www.plasticcrate.cn/wp-content/plugins/theme-customisations/custom/functions.php on line 251

2020-02-16T18:30:06+00:00 CRITICAL syntax error, unexpected '}', expecting ',' or ';' in /data/wwwroot/www.plasticcrate.cn/wp-content/plugins/theme-customisations/custom/functions.php on line 251

2020-02-16T18:30:31+00:00 CRITICAL syntax error, unexpected '}', expecting ',' or ';' in /data/wwwroot/www.plasticcrate.cn/wp-content/plugins/theme-customisations/custom/functions.php on line 251

2020-02-16T18:32:06+00:00 CRITICAL syntax error, unexpected '}', expecting ',' or ';' in /data/wwwroot/www.plasticcrate.cn/wp-content/plugins/theme-customisations/custom/functions.php on line 251

2020-02-16T18:32:15+00:00 CRITICAL syntax error, unexpected '}', expecting ',' or ';' in /data/wwwroot/www.plasticcrate.cn/wp-content/plugins/theme-customisations/custom/functions.php on line 251

2020-02-16T18:33:58+00:00 CRITICAL syntax error, unexpected '}', expecting ',' or ';' in /data/wwwroot/www.plasticcrate.cn/wp-content/plugins/theme-customisations/custom/functions.php on line 251

2020-02-16T18:34:16+00:00 CRITICAL syntax error, unexpected '}', expecting ',' or ';' in /data/wwwroot/www.plasticcrate.cn/wp-content/plugins/theme-customisations/custom/functions.php on line 251

2020-02-16T18:36:16+00:00 CRITICAL syntax error, unexpected '}', expecting ',' or ';' in /data/wwwroot/www.plasticcrate.cn/wp-content/plugins/theme-customisations/custom/functions.php on line 251

2020-02-16T18:36:22+00:00 CRITICAL syntax error, unexpected '}', expecting ',' or ';' in /data/wwwroot/www.plasticcrate.cn/wp-content/plugins/theme-customisations/custom/functions.php on line 251

2020-02-16T18:38:07+00:00 CRITICAL syntax error, unexpected '}', expecting ',' or ';' in /data/wwwroot/www.plasticcrate.cn/wp-content/plugins/theme-customisations/custom/functions.php on line 251

2020-02-16T18:38:16+00:00 CRITICAL syntax error, unexpected '}', expecting ',' or ';' in /data/wwwroot/www.plasticcrate.cn/wp-content/plugins/theme-customisations/custom/functions.php on line 251

2020-02-16T18:40:07+00:00 CRITICAL syntax error, unexpected '}', expecting ',' or ';' in /data/wwwroot/www.plasticcrate.cn/wp-content/plugins/theme-customisations/custom/functions.php on line 251

2020-02-16T18:40:17+00:00 CRITICAL syntax error, unexpected '}', expecting ',' or ';' in /data/wwwroot/www.plasticcrate.cn/wp-content/plugins/theme-customisations/custom/functions.php on line 251

2020-02-16T18:42:07+00:00 CRITICAL syntax error, unexpected '}', expecting ',' or ';' in /data/wwwroot/www.plasticcrate.cn/wp-content/plugins/theme-customisations/custom/functions.php on line 251

2020-02-16T18:42:17+00:00 CRITICAL syntax error, unexpected '}', expecting ',' or ';' in /data/wwwroot/www.plasticcrate.cn/wp-content/plugins/theme-customisations/custom/functions.php on line 251

2020-02-16T18:44:07+00:00 CRITICAL syntax error, unexpected '}', expecting ',' or ';' in /data/wwwroot/www.plasticcrate.cn/wp-content/plugins/theme-customisations/custom/functions.php on line 251

2020-02-16T18:44:33+00:00 CRITICAL syntax error, unexpected '}', expecting ',' or ';' in /data/wwwroot/www.plasticcrate.cn/wp-content/plugins/theme-customisations/custom/functions.php on line 251

2020-02-16T18:46:08+00:00 CRITICAL syntax error, unexpected '}', expecting ',' or ';' in /data/wwwroot/www.plasticcrate.cn/wp-content/plugins/theme-customisations/custom/functions.php on line 251

2020-02-16T18:46:33+00:00 CRITICAL syntax error, unexpected '}', expecting ',' or ';' in /data/wwwroot/www.plasticcrate.cn/wp-content/plugins/theme-customisations/custom/functions.php on line 251

2020-02-16T18:48:08+00:00 CRITICAL syntax error, unexpected '}', expecting ',' or ';' in /data/wwwroot/www.plasticcrate.cn/wp-content/plugins/theme-customisations/custom/functions.php on line 251

2020-02-16T18:48:18+00:00 CRITICAL syntax error, unexpected '}', expecting ',' or ';' in /data/wwwroot/www.plasticcrate.cn/wp-content/plugins/theme-customisations/custom/functions.php on line 251

2020-02-16T18:50:18+00:00 CRITICAL syntax error, unexpected '}', expecting ',' or ';' in /data/wwwroot/www.plasticcrate.cn/wp-content/plugins/theme-customisations/custom/functions.php on line 251

2020-02-16T18:50:24+00:00 CRITICAL syntax error, unexpected '}', expecting ',' or ';' in /data/wwwroot/www.plasticcrate.cn/wp-content/plugins/theme-customisations/custom/functions.php on line 251

2020-02-16T18:52:08+00:00 CRITICAL syntax error, unexpected '}', expecting ',' or ';' in /data/wwwroot/www.plasticcrate.cn/wp-content/plugins/theme-customisations/custom/functions.php on line 251

2020-02-16T18:54:09+00:00 CRITICAL syntax error, unexpected '}', expecting ',' or ';' in /data/wwwroot/www.plasticcrate.cn/wp-content/plugins/theme-customisations/custom/functions.php on line 251

2020-02-16T18:54:19+00:00 CRITICAL syntax error, unexpected '}', expecting ',' or ';' in /data/wwwroot/www.plasticcrate.cn/wp-content/plugins/theme-customisations/custom/functions.php on line 251

2020-02-16T18:56:09+00:00 CRITICAL syntax error, unexpected '}', expecting ',' or ';' in /data/wwwroot/www.plasticcrate.cn/wp-content/plugins/theme-customisations/custom/functions.php on line 251

2020-02-16T18:56:19+00:00 CRITICAL syntax error, unexpected '}', expecting ',' or ';' in /data/wwwroot/www.plasticcrate.cn/wp-content/plugins/theme-customisations/custom/functions.php on line 251

2020-02-16T18:58:09+00:00 CRITICAL syntax error, unexpected '}', expecting ',' or ';' in /data/wwwroot/www.plasticcrate.cn/wp-content/plugins/theme-customisations/custom/functions.php on line 251

2020-02-16T18:58:19+00:00 CRITICAL syntax error, unexpected '}', expecting ',' or ';' in /data/wwwroot/www.plasticcrate.cn/wp-content/plugins/theme-customisations/custom/functions.php on line 251

2020-02-16T19:00:09+00:00 CRITICAL syntax error, unexpected '}', expecting ',' or ';' in /data/wwwroot/www.plasticcrate.cn/wp-content/plugins/theme-customisations/custom/functions.php on line 251

2020-02-16T19:00:19+00:00 CRITICAL syntax error, unexpected '}', expecting ',' or ';' in /data/wwwroot/www.plasticcrate.cn/wp-content/plugins/theme-customisations/custom/functions.php on line 251

2020-02-16T19:02:19+00:00 CRITICAL syntax error, unexpected '}', expecting ',' or ';' in /data/wwwroot/www.plasticcrate.cn/wp-content/plugins/theme-customisations/custom/functions.php on line 251

2020-02-16T19:02:26+00:00 CRITICAL syntax error, unexpected '}', expecting ',' or ';' in /data/wwwroot/www.plasticcrate.cn/wp-content/plugins/theme-customisations/custom/functions.php on line 251

2020-02-16T19:04:10+00:00 CRITICAL syntax error, unexpected '}', expecting ',' or ';' in /data/wwwroot/www.plasticcrate.cn/wp-content/plugins/theme-customisations/custom/functions.php on line 251

2020-02-16T19:06:11+00:00 CRITICAL syntax error, unexpected '}', expecting ',' or ';' in /data/wwwroot/www.plasticcrate.cn/wp-content/plugins/theme-customisations/custom/functions.php on line 251

2020-02-16T19:06:36+00:00 CRITICAL syntax error, unexpected '}', expecting ',' or ';' in /data/wwwroot/www.plasticcrate.cn/wp-content/plugins/theme-customisations/custom/functions.php on line 251

2020-02-16T19:08:20+00:00 CRITICAL syntax error, unexpected '}', expecting ',' or ';' in /data/wwwroot/www.plasticcrate.cn/wp-content/plugins/theme-customisations/custom/functions.php on line 251

2020-02-16T19:08:26+00:00 CRITICAL syntax error, unexpected '}', expecting ',' or ';' in /data/wwwroot/www.plasticcrate.cn/wp-content/plugins/theme-customisations/custom/functions.php on line 251

2020-02-16T20:37:39+00:00 CRITICAL syntax error, unexpected '}', expecting ',' or ';' in /data/wwwroot/www.plasticcrate.cn/wp-content/plugins/theme-customisations/custom/functions.php on line 251

2020-02-16T20:38:05+00:00 CRITICAL syntax error, unexpected '}', expecting ',' or ';' in /data/wwwroot/www.plasticcrate.cn/wp-content/plugins/theme-customisations/custom/functions.php on line 251

2020-02-16T20:54:46+00:00 CRITICAL syntax error, unexpected '}', expecting ',' or ';' in /data/wwwroot/www.plasticcrate.cn/wp-content/plugins/theme-customisations/custom/functions.php on line 251

2020-02-16T21:05:28+00:00 CRITICAL syntax error, unexpected '}', expecting ',' or ';' in /data/wwwroot/www.plasticcrate.cn/wp-content/plugins/theme-customisations/custom/functions.php on line 251

2020-02-16T21:23:56+00:00 CRITICAL syntax error, unexpected '}', expecting ',' or ';' in /data/wwwroot/www.plasticcrate.cn/wp-content/plugins/theme-customisations/custom/functions.php on line 251

