2020-09-28T00:33:52+00:00 CRITICAL Uncaught Error: Class 'Hustle_Layout_Helper' not found in /data/wwwroot/www.joinplastic.com/wp-content/plugins/wordpress-popup/inc/provider/class-hustle-provider-admin-ajax.php:66
Stack trace:
#0 /data/wwwroot/www.joinplastic.com/wp-content/plugins/wordpress-popup/inc/provider/class-hustle-provider-admin-ajax.php(53): Hustle_Provider_Admin_Ajax->__construct()
#1 /data/wwwroot/www.joinplastic.com/wp-content/plugins/wordpress-popup/inc/hustle-providers.php(102): Hustle_Provider_Admin_Ajax::get_instance()
#2 /data/wwwroot/www.joinplastic.com/wp-content/plugins/wordpress-popup/inc/hustle-providers.php(35): Hustle_Providers->__construct()
#3 /data/wwwroot/www.joinplastic.com/wp-content/plugins/wordpress-popup/popover.php(272): Hustle_Providers::get_instance()
#4 /data/wwwroot/www.joinplastic.com/wp-content/plugins/wordpress-popup/popover.php(260): Opt_In->_init_providers()
#5 /data/wwwroot/www.joinplastic.com/wp-content/plugins/wordpress-popup/popover.php(160): Opt_In->_boot()
#6 /data/wwwroot/www.joinplastic.com/ in /data/wwwroot/www.joinplastic.com/wp-content/plugins/wordpress-popup/inc/provider/class-hustle-provider-admin-ajax.php on line 66

2020-09-28T00:37:01+00:00 CRITICAL Uncaught Error: Call to undefined function is_favicon() in /data/wwwroot/www.joinplastic.com/wp-includes/template-loader.php:39
Stack trace:
#0 /data/wwwroot/www.joinplastic.com/wp-blog-header.php(19): require_once()
#1 /data/wwwroot/www.joinplastic.com/index.php(17): require('/data/wwwroot/w...')
#2 {main}
  thrown in /data/wwwroot/www.joinplastic.com/wp-includes/template-loader.php on line 39

2020-09-28T00:37:06+00:00 CRITICAL Uncaught Error: Call to undefined function is_favicon() in /data/wwwroot/www.joinplastic.com/wp-includes/template-loader.php:39
Stack trace:
#0 /data/wwwroot/www.joinplastic.com/wp-blog-header.php(19): require_once()
#1 /data/wwwroot/www.joinplastic.com/index.php(17): require('/data/wwwroot/w...')
#2 {main}
  thrown in /data/wwwroot/www.joinplastic.com/wp-includes/template-loader.php on line 39

2020-09-28T00:37:07+00:00 CRITICAL Uncaught Error: Call to undefined function is_favicon() in /data/wwwroot/www.joinplastic.com/wp-includes/template-loader.php:39
Stack trace:
#0 /data/wwwroot/www.joinplastic.com/wp-blog-header.php(19): require_once()
#1 /data/wwwroot/www.joinplastic.com/index.php(17): require('/data/wwwroot/w...')
#2 {main}
  thrown in /data/wwwroot/www.joinplastic.com/wp-includes/template-loader.php on line 39

2020-09-28T00:37:09+00:00 CRITICAL Uncaught Error: Call to undefined function is_favicon() in /data/wwwroot/www.joinplastic.com/wp-includes/template-loader.php:39
Stack trace:
#0 /data/wwwroot/www.joinplastic.com/wp-blog-header.php(19): require_once()
#1 /data/wwwroot/www.joinplastic.com/index.php(17): require('/data/wwwroot/w...')
#2 {main}
  thrown in /data/wwwroot/www.joinplastic.com/wp-includes/template-loader.php on line 39

